<?xml version="1.0" encoding="UTF-8" ?>
<testsuite tests="11" failures="0" name="TestSuite" time="61.338" errors="0" skipped="0">
  <properties>
    <property name="java.runtime.name" value="Java(TM) SE Runtime Environment"/>
    <property name="sun.boot.library.path" value="/Library/Java/JavaVirtualMachines/jdk1.8.0_45.jdk/Contents/Home/jre/lib"/>
    <property name="java.vm.version" value="25.45-b02"/>
    <property name="user.country.format" value="CA"/>
    <property name="gopherProxySet" value="false"/>
    <property name="org.w3c.css.sac.parser" value="com.steadystate.css.parser.SACParserCSS3"/>
    <property name="java.vm.vendor" value="Oracle Corporation"/>
    <property name="java.vendor.url" value="http://java.oracle.com/"/>
    <property name="path.separator" value=":"/>
    <property name="java.vm.name" value="Java HotSpot(TM) 64-Bit Server VM"/>
    <property name="file.encoding.pkg" value="sun.io"/>
    <property name="user.country" value="US"/>
    <property name="sun.java.launcher" value="SUN_STANDARD"/>
    <property name="sun.os.patch.level" value="unknown"/>
    <property name="java.vm.specification.name" value="Java Virtual Machine Specification"/>
    <property name="user.dir" value="/Users/manishgoyal/workspace/testNGSelenium/target"/>
    <property name="java.runtime.version" value="1.8.0_45-b14"/>
    <property name="java.awt.graphicsenv" value="sun.awt.CGraphicsEnvironment"/>
    <property name="basedir" value="/Users/manishgoyal/workspace/testNGSelenium"/>
    <property name="java.endorsed.dirs" value="/Library/Java/JavaVirtualMachines/jdk1.8.0_45.jdk/Contents/Home/jre/lib/endorsed"/>
    <property name="os.arch" value="x86_64"/>
    <property name="surefire.real.class.path" value="/var/folders/x4/j8fkgftx1v72s7dd2ggvr12r0000gp/T/surefirebooter6138931715837458828.jar"/>
    <property name="java.io.tmpdir" value="/var/folders/x4/j8fkgftx1v72s7dd2ggvr12r0000gp/T/"/>
    <property name="line.separator" value="
"/>
    <property name="java.vm.specification.vendor" value="Oracle Corporation"/>
    <property name="os.name" value="Mac OS X"/>
    <property name="sun.jnu.encoding" value="UTF-8"/>
    <property name="java.library.path" value="/Users/manishgoyal/Library/Java/Extensions:/Library/Java/Extensions:/Network/Library/Java/Extensions:/System/Library/Java/Extensions:/usr/lib/java:."/>
    <property name="surefire.test.class.path" value="/Users/manishgoyal/workspace/testNGSelenium/target/test-classes:/Users/manishgoyal/workspace/testNGSelenium/target/classes:/Users/manishgoyal/.m2/repository/org/seleniumhq/selenium/selenium-java/2.48.2/selenium-java-2.48.2.jar:/Users/manishgoyal/.m2/repository/org/seleniumhq/selenium/selenium-chrome-driver/2.48.2/selenium-chrome-driver-2.48.2.jar:/Users/manishgoyal/.m2/repository/org/seleniumhq/selenium/selenium-remote-driver/2.48.2/selenium-remote-driver-2.48.2.jar:/Users/manishgoyal/.m2/repository/cglib/cglib-nodep/2.1_3/cglib-nodep-2.1_3.jar:/Users/manishgoyal/.m2/repository/com/google/code/gson/gson/2.3.1/gson-2.3.1.jar:/Users/manishgoyal/.m2/repository/org/seleniumhq/selenium/selenium-api/2.48.2/selenium-api-2.48.2.jar:/Users/manishgoyal/.m2/repository/com/google/guava/guava/18.0/guava-18.0.jar:/Users/manishgoyal/.m2/repository/org/seleniumhq/selenium/selenium-edge-driver/2.48.2/selenium-edge-driver-2.48.2.jar:/Users/manishgoyal/.m2/repository/commons-io/commons-io/2.4/commons-io-2.4.jar:/Users/manishgoyal/.m2/repository/org/apache/commons/commons-exec/1.3/commons-exec-1.3.jar:/Users/manishgoyal/.m2/repository/org/seleniumhq/selenium/selenium-htmlunit-driver/2.48.2/selenium-htmlunit-driver-2.48.2.jar:/Users/manishgoyal/.m2/repository/net/sourceforge/htmlunit/htmlunit/2.18/htmlunit-2.18.jar:/Users/manishgoyal/.m2/repository/xalan/xalan/2.7.2/xalan-2.7.2.jar:/Users/manishgoyal/.m2/repository/xalan/serializer/2.7.2/serializer-2.7.2.jar:/Users/manishgoyal/.m2/repository/commons-collections/commons-collections/3.2.1/commons-collections-3.2.1.jar:/Users/manishgoyal/.m2/repository/org/apache/commons/commons-lang3/3.4/commons-lang3-3.4.jar:/Users/manishgoyal/.m2/repository/org/apache/httpcomponents/httpmime/4.5/httpmime-4.5.jar:/Users/manishgoyal/.m2/repository/commons-codec/commons-codec/1.10/commons-codec-1.10.jar:/Users/manishgoyal/.m2/repository/net/sourceforge/htmlunit/htmlunit-core-js/2.17/htmlunit-core-js-2.17.jar:/Users/manishgoyal/.m2/repository/xerces/xercesImpl/2.11.0/xercesImpl-2.11.0.jar:/Users/manishgoyal/.m2/repository/xml-apis/xml-apis/1.4.01/xml-apis-1.4.01.jar:/Users/manishgoyal/.m2/repository/net/sourceforge/nekohtml/nekohtml/1.9.22/nekohtml-1.9.22.jar:/Users/manishgoyal/.m2/repository/net/sourceforge/cssparser/cssparser/0.9.16/cssparser-0.9.16.jar:/Users/manishgoyal/.m2/repository/org/w3c/css/sac/1.3/sac-1.3.jar:/Users/manishgoyal/.m2/repository/org/eclipse/jetty/websocket/websocket-client/9.2.12.v20150709/websocket-client-9.2.12.v20150709.jar:/Users/manishgoyal/.m2/repository/org/eclipse/jetty/jetty-util/9.2.12.v20150709/jetty-util-9.2.12.v20150709.jar:/Users/manishgoyal/.m2/repository/org/eclipse/jetty/jetty-io/9.2.12.v20150709/jetty-io-9.2.12.v20150709.jar:/Users/manishgoyal/.m2/repository/org/eclipse/jetty/websocket/websocket-common/9.2.12.v20150709/websocket-common-9.2.12.v20150709.jar:/Users/manishgoyal/.m2/repository/org/eclipse/jetty/websocket/websocket-api/9.2.12.v20150709/websocket-api-9.2.12.v20150709.jar:/Users/manishgoyal/.m2/repository/org/apache/httpcomponents/httpclient/4.5.1/httpclient-4.5.1.jar:/Users/manishgoyal/.m2/repository/org/apache/httpcomponents/httpcore/4.4.3/httpcore-4.4.3.jar:/Users/manishgoyal/.m2/repository/org/seleniumhq/selenium/selenium-firefox-driver/2.48.2/selenium-firefox-driver-2.48.2.jar:/Users/manishgoyal/.m2/repository/org/seleniumhq/selenium/selenium-ie-driver/2.48.2/selenium-ie-driver-2.48.2.jar:/Users/manishgoyal/.m2/repository/net/java/dev/jna/jna/4.1.0/jna-4.1.0.jar:/Users/manishgoyal/.m2/repository/net/java/dev/jna/jna-platform/4.1.0/jna-platform-4.1.0.jar:/Users/manishgoyal/.m2/repository/org/seleniumhq/selenium/selenium-safari-driver/2.48.2/selenium-safari-driver-2.48.2.jar:/Users/manishgoyal/.m2/repository/org/seleniumhq/selenium/selenium-support/2.48.2/selenium-support-2.48.2.jar:/Users/manishgoyal/.m2/repository/org/webbitserver/webbit/0.4.14/webbit-0.4.14.jar:/Users/manishgoyal/.m2/repository/io/netty/netty/3.5.2.Final/netty-3.5.2.Final.jar:/Users/manishgoyal/.m2/repository/org/seleniumhq/selenium/selenium-leg-rc/2.48.2/selenium-leg-rc-2.48.2.jar:/Users/manishgoyal/.m2/repository/org/uncommons/reportng/1.1.2/reportng-1.1.2.jar:/Users/manishgoyal/.m2/repository/velocity/velocity/1.4/velocity-1.4.jar:/Users/manishgoyal/.m2/repository/velocity/velocity-dep/1.4/velocity-dep-1.4.jar:/Users/manishgoyal/.m2/repository/org/testng/testng/6.8.8/testng-6.8.8.jar:/Users/manishgoyal/.m2/repository/org/beanshell/bsh/2.0b4/bsh-2.0b4.jar:/Users/manishgoyal/.m2/repository/com/beust/jcommander/1.27/jcommander-1.27.jar:/Users/manishgoyal/.m2/repository/org/springframework/spring-context/4.1.5.RELEASE/spring-context-4.1.5.RELEASE.jar:/Users/manishgoyal/.m2/repository/org/springframework/spring-aop/4.1.5.RELEASE/spring-aop-4.1.5.RELEASE.jar:/Users/manishgoyal/.m2/repository/org/springframework/spring-beans/4.1.5.RELEASE/spring-beans-4.1.5.RELEASE.jar:/Users/manishgoyal/.m2/repository/org/springframework/spring-core/4.1.5.RELEASE/spring-core-4.1.5.RELEASE.jar:/Users/manishgoyal/.m2/repository/commons-logging/commons-logging/1.2/commons-logging-1.2.jar:/Users/manishgoyal/.m2/repository/org/springframework/spring-expression/4.1.5.RELEASE/spring-expression-4.1.5.RELEASE.jar:/Users/manishgoyal/.m2/repository/org/springframework/spring-test/4.1.5.RELEASE/spring-test-4.1.5.RELEASE.jar:/Users/manishgoyal/.m2/repository/com/google/inject/guice/3.0/guice-3.0.jar:/Users/manishgoyal/.m2/repository/javax/inject/javax.inject/1/javax.inject-1.jar:/Users/manishgoyal/.m2/repository/aopalliance/aopalliance/1.0/aopalliance-1.0.jar:"/>
    <property name="java.specification.name" value="Java Platform API Specification"/>
    <property name="java.class.version" value="52.0"/>
    <property name="sun.management.compiler" value="HotSpot 64-Bit Tiered Compilers"/>
    <property name="os.version" value="10.10.5"/>
    <property name="http.nonProxyHosts" value="local|*.local|169.254/16|*.169.254/16"/>
    <property name="user.home" value="/Users/manishgoyal"/>
    <property name="user.timezone" value="America/Toronto"/>
    <property name="java.awt.printerjob" value="sun.lwawt.macosx.CPrinterJob"/>
    <property name="java.specification.version" value="1.8"/>
    <property name="file.encoding" value="UTF-8"/>
    <property name="user.name" value="manishgoyal"/>
    <property name="java.class.path" value="/Users/manishgoyal/workspace/testNGSelenium/target/test-classes:/Users/manishgoyal/workspace/testNGSelenium/target/classes:/Users/manishgoyal/.m2/repository/org/seleniumhq/selenium/selenium-java/2.48.2/selenium-java-2.48.2.jar:/Users/manishgoyal/.m2/repository/org/seleniumhq/selenium/selenium-chrome-driver/2.48.2/selenium-chrome-driver-2.48.2.jar:/Users/manishgoyal/.m2/repository/org/seleniumhq/selenium/selenium-remote-driver/2.48.2/selenium-remote-driver-2.48.2.jar:/Users/manishgoyal/.m2/repository/cglib/cglib-nodep/2.1_3/cglib-nodep-2.1_3.jar:/Users/manishgoyal/.m2/repository/com/google/code/gson/gson/2.3.1/gson-2.3.1.jar:/Users/manishgoyal/.m2/repository/org/seleniumhq/selenium/selenium-api/2.48.2/selenium-api-2.48.2.jar:/Users/manishgoyal/.m2/repository/com/google/guava/guava/18.0/guava-18.0.jar:/Users/manishgoyal/.m2/repository/org/seleniumhq/selenium/selenium-edge-driver/2.48.2/selenium-edge-driver-2.48.2.jar:/Users/manishgoyal/.m2/repository/commons-io/commons-io/2.4/commons-io-2.4.jar:/Users/manishgoyal/.m2/repository/org/apache/commons/commons-exec/1.3/commons-exec-1.3.jar:/Users/manishgoyal/.m2/repository/org/seleniumhq/selenium/selenium-htmlunit-driver/2.48.2/selenium-htmlunit-driver-2.48.2.jar:/Users/manishgoyal/.m2/repository/net/sourceforge/htmlunit/htmlunit/2.18/htmlunit-2.18.jar:/Users/manishgoyal/.m2/repository/xalan/xalan/2.7.2/xalan-2.7.2.jar:/Users/manishgoyal/.m2/repository/xalan/serializer/2.7.2/serializer-2.7.2.jar:/Users/manishgoyal/.m2/repository/commons-collections/commons-collections/3.2.1/commons-collections-3.2.1.jar:/Users/manishgoyal/.m2/repository/org/apache/commons/commons-lang3/3.4/commons-lang3-3.4.jar:/Users/manishgoyal/.m2/repository/org/apache/httpcomponents/httpmime/4.5/httpmime-4.5.jar:/Users/manishgoyal/.m2/repository/commons-codec/commons-codec/1.10/commons-codec-1.10.jar:/Users/manishgoyal/.m2/repository/net/sourceforge/htmlunit/htmlunit-core-js/2.17/htmlunit-core-js-2.17.jar:/Users/manishgoyal/.m2/repository/xerces/xercesImpl/2.11.0/xercesImpl-2.11.0.jar:/Users/manishgoyal/.m2/repository/xml-apis/xml-apis/1.4.01/xml-apis-1.4.01.jar:/Users/manishgoyal/.m2/repository/net/sourceforge/nekohtml/nekohtml/1.9.22/nekohtml-1.9.22.jar:/Users/manishgoyal/.m2/repository/net/sourceforge/cssparser/cssparser/0.9.16/cssparser-0.9.16.jar:/Users/manishgoyal/.m2/repository/org/w3c/css/sac/1.3/sac-1.3.jar:/Users/manishgoyal/.m2/repository/org/eclipse/jetty/websocket/websocket-client/9.2.12.v20150709/websocket-client-9.2.12.v20150709.jar:/Users/manishgoyal/.m2/repository/org/eclipse/jetty/jetty-util/9.2.12.v20150709/jetty-util-9.2.12.v20150709.jar:/Users/manishgoyal/.m2/repository/org/eclipse/jetty/jetty-io/9.2.12.v20150709/jetty-io-9.2.12.v20150709.jar:/Users/manishgoyal/.m2/repository/org/eclipse/jetty/websocket/websocket-common/9.2.12.v20150709/websocket-common-9.2.12.v20150709.jar:/Users/manishgoyal/.m2/repository/org/eclipse/jetty/websocket/websocket-api/9.2.12.v20150709/websocket-api-9.2.12.v20150709.jar:/Users/manishgoyal/.m2/repository/org/apache/httpcomponents/httpclient/4.5.1/httpclient-4.5.1.jar:/Users/manishgoyal/.m2/repository/org/apache/httpcomponents/httpcore/4.4.3/httpcore-4.4.3.jar:/Users/manishgoyal/.m2/repository/org/seleniumhq/selenium/selenium-firefox-driver/2.48.2/selenium-firefox-driver-2.48.2.jar:/Users/manishgoyal/.m2/repository/org/seleniumhq/selenium/selenium-ie-driver/2.48.2/selenium-ie-driver-2.48.2.jar:/Users/manishgoyal/.m2/repository/net/java/dev/jna/jna/4.1.0/jna-4.1.0.jar:/Users/manishgoyal/.m2/repository/net/java/dev/jna/jna-platform/4.1.0/jna-platform-4.1.0.jar:/Users/manishgoyal/.m2/repository/org/seleniumhq/selenium/selenium-safari-driver/2.48.2/selenium-safari-driver-2.48.2.jar:/Users/manishgoyal/.m2/repository/org/seleniumhq/selenium/selenium-support/2.48.2/selenium-support-2.48.2.jar:/Users/manishgoyal/.m2/repository/org/webbitserver/webbit/0.4.14/webbit-0.4.14.jar:/Users/manishgoyal/.m2/repository/io/netty/netty/3.5.2.Final/netty-3.5.2.Final.jar:/Users/manishgoyal/.m2/repository/org/seleniumhq/selenium/selenium-leg-rc/2.48.2/selenium-leg-rc-2.48.2.jar:/Users/manishgoyal/.m2/repository/org/uncommons/reportng/1.1.2/reportng-1.1.2.jar:/Users/manishgoyal/.m2/repository/velocity/velocity/1.4/velocity-1.4.jar:/Users/manishgoyal/.m2/repository/velocity/velocity-dep/1.4/velocity-dep-1.4.jar:/Users/manishgoyal/.m2/repository/org/testng/testng/6.8.8/testng-6.8.8.jar:/Users/manishgoyal/.m2/repository/org/beanshell/bsh/2.0b4/bsh-2.0b4.jar:/Users/manishgoyal/.m2/repository/com/beust/jcommander/1.27/jcommander-1.27.jar:/Users/manishgoyal/.m2/repository/org/springframework/spring-context/4.1.5.RELEASE/spring-context-4.1.5.RELEASE.jar:/Users/manishgoyal/.m2/repository/org/springframework/spring-aop/4.1.5.RELEASE/spring-aop-4.1.5.RELEASE.jar:/Users/manishgoyal/.m2/repository/org/springframework/spring-beans/4.1.5.RELEASE/spring-beans-4.1.5.RELEASE.jar:/Users/manishgoyal/.m2/repository/org/springframework/spring-core/4.1.5.RELEASE/spring-core-4.1.5.RELEASE.jar:/Users/manishgoyal/.m2/repository/commons-logging/commons-logging/1.2/commons-logging-1.2.jar:/Users/manishgoyal/.m2/repository/org/springframework/spring-expression/4.1.5.RELEASE/spring-expression-4.1.5.RELEASE.jar:/Users/manishgoyal/.m2/repository/org/springframework/spring-test/4.1.5.RELEASE/spring-test-4.1.5.RELEASE.jar:/Users/manishgoyal/.m2/repository/com/google/inject/guice/3.0/guice-3.0.jar:/Users/manishgoyal/.m2/repository/javax/inject/javax.inject/1/javax.inject-1.jar:/Users/manishgoyal/.m2/repository/aopalliance/aopalliance/1.0/aopalliance-1.0.jar:"/>
    <property name="java.vm.specification.version" value="1.8"/>
    <property name="sun.arch.data.model" value="64"/>
    <property name="java.home" value="/Library/Java/JavaVirtualMachines/jdk1.8.0_45.jdk/Contents/Home/jre"/>
    <property name="sun.java.command" value="/var/folders/x4/j8fkgftx1v72s7dd2ggvr12r0000gp/T/surefirebooter6138931715837458828.jar /var/folders/x4/j8fkgftx1v72s7dd2ggvr12r0000gp/T/surefire6607905087902459576tmp /var/folders/x4/j8fkgftx1v72s7dd2ggvr12r0000gp/T/surefire9094650386157191442tmp"/>
    <property name="java.specification.vendor" value="Oracle Corporation"/>
    <property name="user.language" value="en"/>
    <property name="awt.toolkit" value="sun.lwawt.macosx.LWCToolkit"/>
    <property name="java.vm.info" value="mixed mode"/>
    <property name="java.version" value="1.8.0_45"/>
    <property name="java.ext.dirs" value="/Users/manishgoyal/Library/Java/Extensions:/Library/Java/JavaVirtualMachines/jdk1.8.0_45.jdk/Contents/Home/jre/lib/ext:/Library/Java/Extensions:/Network/Library/Java/Extensions:/System/Library/Java/Extensions:/usr/lib/java"/>
    <property name="sun.boot.class.path" value="/Library/Java/JavaVirtualMachines/jdk1.8.0_45.jdk/Contents/Home/jre/lib/resources.jar:/Library/Java/JavaVirtualMachines/jdk1.8.0_45.jdk/Contents/Home/jre/lib/rt.jar:/Library/Java/JavaVirtualMachines/jdk1.8.0_45.jdk/Contents/Home/jre/lib/sunrsasign.jar:/Library/Java/JavaVirtualMachines/jdk1.8.0_45.jdk/Contents/Home/jre/lib/jsse.jar:/Library/Java/JavaVirtualMachines/jdk1.8.0_45.jdk/Contents/Home/jre/lib/jce.jar:/Library/Java/JavaVirtualMachines/jdk1.8.0_45.jdk/Contents/Home/jre/lib/charsets.jar:/Library/Java/JavaVirtualMachines/jdk1.8.0_45.jdk/Contents/Home/jre/lib/jfr.jar:/Library/Java/JavaVirtualMachines/jdk1.8.0_45.jdk/Contents/Home/jre/classes"/>
    <property name="webdriver.chrome.driver" value="/Users/manishgoyal/Downloads/Webdrivers/chromedriver"/>
    <property name="java.vendor" value="Oracle Corporation"/>
    <property name="localRepository" value="/Users/manishgoyal/.m2/repository"/>
    <property name="file.separator" value="/"/>
    <property name="java.vendor.url.bug" value="http://bugreport.sun.com/bugreport/"/>
    <property name="sun.cpu.endian" value="little"/>
    <property name="sun.io.unicode.encoding" value="UnicodeBig"/>
    <property name="socksNonProxyHosts" value="local|*.local|169.254/16|*.169.254/16"/>
    <property name="ftp.nonProxyHosts" value="local|*.local|169.254/16|*.169.254/16"/>
    <property name="sun.cpu.isalist" value=""/>
  </properties>
  <testcase classname="com.javacodegeeks.testng.selenium.TestNGExample" name="TestExample" time="6.779"/>
  <testcase classname="com.javacodegeeks.testng.selenium.TestNGSeleniumDataDrivenSearchExample" name="searchGoogle" time="3.574"/>
  <testcase classname="com.javacodegeeks.testng.selenium.TestNGSeleniumDataDrivenSearchExample" name="searchGoogle" time="2.663"/>
  <testcase classname="com.javacodegeeks.testng.selenium.TestNGSeleniumSimpleSearchExample" name="searchTestNGInGoogle" time="1.688"/>
  <testcase classname="com.javacodegeeks.testng.selenium.TestNGSeleniumDriverInjectionExample" name="searchGoogle" time="1.687"/>
  <testcase classname="com.javacodegeeks.testng.selenium.TestNGSeleniumDependentMethodExample" name="searchTestNGInJCG" time="13.187"/>
  <testcase classname="com.javacodegeeks.testng.selenium.TestNGSeleniumDependentMethodExample" name="clickOnJCGTestNGArticle" time="1.575"/>
  <testcase classname="com.javacodegeeks.testng.selenium.TestNGSeleniumBrowserCfgExample" name="searchGoogle" time="4.133"/>
  <testcase classname="com.javacodegeeks.testng.selenium.TestNGSeleniumBrowserCfgExample" name="searchGoogle" time="1.914"/>
  <testcase classname="com.javacodegeeks.testng.selenium.TestNGSeleniumBrowserCfgExample" name="searchGoogle" time="2.033"/>
  <testcase classname="com.javacodegeeks.testng.selenium.TestNGSeleniumBrowserCfgExample" name="searchGoogle" time="2.862"/>
</testsuite>